<?xml version="1.0" encoding="UTF-8"?>
<!-- Generated by org.testng.reporters.JUnitReportReporter -->
<testsuite hostname="DESKTOP-RFNR8J8" failures="0" tests="5" name="testNG.Drive_car" time="0.008" errors="0" timestamp="2023-02-10T16:27:31 IST" skipped="1">
  <testcase classname="testNG.Drive_car" name="firstTestcase" time="0.004"/>
  <system-out/>
  <testcase classname="testNG.Drive_car" name="fifthtestcase" time="0.002"/>
  <system-out/>
  <testcase classname="testNG.Drive_car" name="thirdtestcase" time="0.001"/>
  <system-out/>
  <testcase classname="testNG.Drive_car" name="fourthtestcase" time="0.001"/>
  <system-out/>
  <testcase classname="testNG.Drive_car" name="secondtestcase">
    <skipped/>
  </testcase> <!-- secondtestcase -->
  <system-out/>
</testsuite> <!-- testNG.Drive_car -->
