<?xml version="1.0" encoding="UTF-8"?>
<!-- Generated by org.testng.reporters.JUnitReportReporter -->
<testsuite hostname="DESKTOP-RFNR8J8" failures="0" tests="1" name="testNG.annotations" time="0.005" errors="0" timestamp="2023-02-13T13:33:10 IST" skipped="0">
  <testcase classname="testNG.annotations" name="f" time="0.005"/>
  <system-out/>
</testsuite> <!-- testNG.annotations -->
