<?xml version="1.0" encoding="UTF-8"?>
<!-- Generated by org.testng.reporters.JUnitReportReporter -->
<testsuite hostname="DESKTOP-RFNR8J8" failures="0" tests="3" name="testNG.Test_Suite" time="2.601" errors="0" timestamp="2023-02-10T16:28:13 IST" skipped="0">
  <testcase classname="testNG.Test_Suite" name="openBing" time="0.443"/>
  <system-out/>
  <testcase classname="testNG.Test_Suite" name="openGoogle" time="1.261"/>
  <system-out/>
  <testcase classname="testNG.Test_Suite" name="openYahoo" time="0.897"/>
  <system-out/>
</testsuite> <!-- testNG.Test_Suite -->
