<?xml version="1.0" encoding="UTF-8"?>
<!-- Generated by org.testng.reporters.JUnitReportReporter -->
<testsuite hostname="DESKTOP-RFNR8J8" failures="0" tests="4" name="testNG.Sample_testcase" time="0.011" errors="0" timestamp="2023-02-09T13:25:39 IST" skipped="0">
  <testcase classname="testNG.Sample_testcase" name="fourthtestcase" time="0.001"/>
  <system-out/>
  <testcase classname="testNG.Sample_testcase" name="thirdtestcase" time="0.000"/>
  <system-out/>
  <testcase classname="testNG.Sample_testcase" name="secondtestcase" time="0.000"/>
  <system-out/>
  <testcase classname="testNG.Sample_testcase" name="firstTestcase" time="0.010"/>
  <system-out/>
</testsuite> <!-- testNG.Sample_testcase -->
