<?xml version="1.0" encoding="UTF-8"?>
<!-- Generated by org.testng.reporters.JUnitReportReporter -->
<testsuite hostname="DESKTOP-RFNR8J8" failures="0" tests="8" name="testNG.Grouping" time="0.006" errors="0" timestamp="2023-02-10T16:27:31 IST" skipped="0">
  <testcase classname="testNG.Grouping" name="apple2" time="0.001"/>
  <system-out/>
  <testcase classname="testNG.Grouping" name="moto2" time="0.001"/>
  <system-out/>
  <testcase classname="testNG.Grouping" name="vivo2" time="0.000"/>
  <system-out/>
  <testcase classname="testNG.Grouping" name="vivo1" time="0.001"/>
  <system-out/>
  <testcase classname="testNG.Grouping" name="Oneplus2" time="0.000"/>
  <system-out/>
  <testcase classname="testNG.Grouping" name="moto1" time="0.001"/>
  <system-out/>
  <testcase classname="testNG.Grouping" name="Oneplus1" time="0.001"/>
  <system-out/>
  <testcase classname="testNG.Grouping" name="apple1" time="0.001"/>
  <system-out/>
</testsuite> <!-- testNG.Grouping -->
