<?xml version="1.0" encoding="UTF-8"?>
<!-- Generated by org.testng.reporters.JUnitReportReporter -->
<testsuite hostname="DESKTOP-RFNR8J8" failures="0" tests="1" name="Logincases.test" time="5.545" errors="0" timestamp="2023-02-14T14:06:57 IST" skipped="0">
  <testcase classname="Logincases.test" name="test1" time="5.545"/>
  <system-out/>
</testsuite> <!-- Logincases.test -->
