<?xml version="1.0" encoding="UTF-8"?>
<!-- Generated by org.testng.reporters.JUnitReportReporter -->
<testsuite hostname="DESKTOP-RFNR8J8" failures="0" tests="1" name="Logincases.Valid_credentials" time="6.020" errors="0" timestamp="2023-02-15T11:37:27 IST" skipped="0">
  <testcase classname="Logincases.Valid_credentials" name="test1" time="6.020"/>
  <system-out/>
</testsuite> <!-- Logincases.Valid_credentials -->
