<?xml version="1.0" encoding="UTF-8"?>
<!-- Generated by org.testng.reporters.JUnitReportReporter -->
<testsuite hostname="DESKTOP-RFNR8J8" failures="0" tests="1" name="Logincases.Valid_credentials" time="5.557" errors="0" timestamp="2023-02-14T16:50:37 IST" skipped="0">
  <testcase classname="Logincases.Valid_credentials" name="test1" time="5.557"/>
  <system-out/>
</testsuite> <!-- Logincases.Valid_credentials -->
