<?xml version="1.0" encoding="UTF-8"?>
<!-- Generated by org.testng.reporters.JUnitReportReporter -->
<testsuite hostname="DESKTOP-RFNR8J8" failures="0" tests="3" name="extendreport.report" time="3.788" errors="0" timestamp="2023-02-13T16:27:28 IST" skipped="0">
  <testcase classname="extendreport.report" name="openBing" time="1.098"/>
  <system-out/>
  <testcase classname="extendreport.report" name="openGoogle" time="2.099"/>
  <system-out/>
  <testcase classname="extendreport.report" name="openYahoo" time="0.591"/>
  <system-out/>
</testsuite> <!-- extendreport.report -->
