<?xml version="1.0" encoding="UTF-8"?>
<!-- Generated by org.testng.reporters.JUnitReportReporter -->
<testsuite hostname="DESKTOP-RFNR8J8" failures="0" tests="3" name="extendreport.report" time="3.456" errors="0" timestamp="2023-02-13T16:45:39 IST" skipped="0">
  <testcase classname="extendreport.report" name="openGoogle" time="2.360"/>
  <system-out/>
  <testcase classname="extendreport.report" name="openBing" time="0.420"/>
  <system-out/>
  <testcase classname="extendreport.report" name="openYahoo" time="0.676"/>
  <system-out/>
</testsuite> <!-- extendreport.report -->
